[token.codewithjoe.net/index.html]
[backblue.gif]
[fade.gif]
[index.html]
[token.codewithjoe.net/logo.png]
[maxcdn.bootstrapcdn.com/bootstrap/4.5.2/css/bootstrap.min.css]
[ajax.googleapis.com/ajax/libs/jquery/3.5.1/jquery.min.js]
[cdnjs.cloudflare.com/ajax/libs/popper.js/1.16.0/umd/popper.min.js]
[maxcdn.bootstrapcdn.com/bootstrap/4.5.2/js/bootstrap.min.js]
[cdn-images.mailchimp.com/embedcode/slim-10_7.css]
[widgets.coingecko.com/coingecko-coin-price-marquee-widget.js]
[unpkg.com/web3@1.2.11/dist/web3.min.js]
[unpkg.com/web3modal@1.9.0/dist/index.js]
[unpkg.com/evm-chains@0.2.0/dist/umd/index.min.js]
[unpkg.com/@walletconnect/web3-provider@1.2.1/dist/umd/index.min.js]
[unpkg.com/fortmatic@2.0.6/dist/fortmatic.js]
[token.codewithjoe.net/connect.js]
[apis.google.com/js/platform.js]
[token.codewithjoe.net/index.html]
[platform.twitter.com/widgets.js]
[maxcdn.bootstrapcdn.com/bootstrap/4.5.2/css/bootstrap.min.css]
[token.codewithjoe.net/style.css]
[cdn-images.mailchimp.com/embedcode/slim-10_7.css]
